[03-Aug-2016 11:39:02 UTC] PHP Warning:  mysqli_connect(): (HY000/1049): Unknown database 'test' in /home/ubuntu/workspace/lms/test/db_config.php on line 9
[03-Aug-2016 11:39:02 UTC] PHP Stack trace:
[03-Aug-2016 11:39:02 UTC] PHP   1. {main}() /home/ubuntu/workspace/lms/test/index.php:0
[03-Aug-2016 11:39:02 UTC] PHP   2. include() /home/ubuntu/workspace/lms/test/index.php:111
[03-Aug-2016 11:39:02 UTC] PHP   3. mysqli_connect() /home/ubuntu/workspace/lms/test/db_config.php:9
[03-Aug-2016 11:39:02 UTC] PHP Warning:  mysqli_query() expects parameter 1 to be mysqli, boolean given in /home/ubuntu/workspace/lms/test/index.php on line 120
[03-Aug-2016 11:39:02 UTC] PHP Stack trace:
[03-Aug-2016 11:39:02 UTC] PHP   1. {main}() /home/ubuntu/workspace/lms/test/index.php:0
[03-Aug-2016 11:39:02 UTC] PHP   2. mysqli_query() /home/ubuntu/workspace/lms/test/index.php:120
[03-Aug-2016 11:39:02 UTC] PHP Warning:  mysqli_num_rows() expects parameter 1 to be mysqli_result, null given in /home/ubuntu/workspace/lms/test/index.php on line 123
[03-Aug-2016 11:39:02 UTC] PHP Stack trace:
[03-Aug-2016 11:39:02 UTC] PHP   1. {main}() /home/ubuntu/workspace/lms/test/index.php:0
[03-Aug-2016 11:39:02 UTC] PHP   2. mysqli_num_rows() /home/ubuntu/workspace/lms/test/index.php:123
[03-Aug-2016 11:39:45 UTC] PHP Warning:  mysqli_num_rows() expects parameter 1 to be mysqli_result, boolean given in /home/ubuntu/workspace/lms/test/index.php on line 123
[03-Aug-2016 11:39:45 UTC] PHP Stack trace:
[03-Aug-2016 11:39:45 UTC] PHP   1. {main}() /home/ubuntu/workspace/lms/test/index.php:0
[03-Aug-2016 11:39:45 UTC] PHP   2. mysqli_num_rows() /home/ubuntu/workspace/lms/test/index.php:123
[03-Aug-2016 11:41:53 UTC] PHP Warning:  mysqli_fetch_assoc() expects parameter 1 to be mysqli_result, boolean given in /home/ubuntu/workspace/lms/test/ajax_more.php on line 9
[03-Aug-2016 11:41:53 UTC] PHP Stack trace:
[03-Aug-2016 11:41:53 UTC] PHP   1. {main}() /home/ubuntu/workspace/lms/test/ajax_more.php:0
[03-Aug-2016 11:41:53 UTC] PHP   2. mysqli_fetch_assoc() /home/ubuntu/workspace/lms/test/ajax_more.php:9
[03-Aug-2016 11:41:53 UTC] PHP Warning:  mysqli_num_rows() expects parameter 1 to be mysqli_result, boolean given in /home/ubuntu/workspace/lms/test/ajax_more.php on line 18
[03-Aug-2016 11:41:53 UTC] PHP Stack trace:
[03-Aug-2016 11:41:53 UTC] PHP   1. {main}() /home/ubuntu/workspace/lms/test/ajax_more.php:0
[03-Aug-2016 11:41:53 UTC] PHP   2. mysqli_num_rows() /home/ubuntu/workspace/lms/test/ajax_more.php:18
[03-Aug-2016 11:42:24 UTC] PHP Warning:  mysqli_fetch_assoc() expects parameter 1 to be mysqli_result, boolean given in /home/ubuntu/workspace/lms/test/ajax_more.php on line 9
[03-Aug-2016 11:42:24 UTC] PHP Stack trace:
[03-Aug-2016 11:42:24 UTC] PHP   1. {main}() /home/ubuntu/workspace/lms/test/ajax_more.php:0
[03-Aug-2016 11:42:24 UTC] PHP   2. mysqli_fetch_assoc() /home/ubuntu/workspace/lms/test/ajax_more.php:9
[03-Aug-2016 11:42:24 UTC] PHP Warning:  mysqli_num_rows() expects parameter 1 to be mysqli_result, boolean given in /home/ubuntu/workspace/lms/test/ajax_more.php on line 18
[03-Aug-2016 11:42:24 UTC] PHP Stack trace:
[03-Aug-2016 11:42:24 UTC] PHP   1. {main}() /home/ubuntu/workspace/lms/test/ajax_more.php:0
[03-Aug-2016 11:42:24 UTC] PHP   2. mysqli_num_rows() /home/ubuntu/workspace/lms/test/ajax_more.php:18
