[18-Jul-2016 20:50:22 UTC] Invalid address: [no address given]
[19-Jul-2016 00:54:16 UTC] /home/ubuntu/workspace/lms/main/inc/lib/api.lib.php:5161: Attempting to update setting submit () which does not exist at all
[19-Jul-2016 09:20:29 UTC] Invalid address: [no address given]
[21-Jul-2016 05:03:00 UTC] Invalid address: [no address given]
[21-Jul-2016 22:19:57 UTC] Invalid address: [no address given]
[22-Jul-2016 05:13:51 UTC] /home/ubuntu/workspace/lms/main/inc/lib/api.lib.php:5161: Attempting to update setting submit () which does not exist at all
[22-Jul-2016 05:14:15 UTC] /home/ubuntu/workspace/lms/main/inc/lib/api.lib.php:5161: Attempting to update setting submit () which does not exist at all
[26-Jul-2016 11:42:57 UTC] /home/ubuntu/workspace/lms/main/inc/lib/api.lib.php:5161: Attempting to update setting submit () which does not exist at all
[26-Jul-2016 11:45:13 UTC] /home/ubuntu/workspace/lms/main/inc/lib/api.lib.php:5161: Attempting to update setting submit () which does not exist at all
[29-Jul-2016 06:51:07 UTC] /home/ubuntu/workspace/lms/main/inc/lib/api.lib.php:5161: Attempting to update setting submit () which does not exist at all
[31-Jul-2016 00:59:26 UTC] An exception occurred while executing 'SELECT posts.*
            FROM c_forum_post posts, c_forum_thread threads, c_item_property item_property
            WHERE
                posts.c_id = 1
                AND item_property.c_id = 1
        //        AND posts.thread_id = threads.thread_id
        //        AND item_property.ref = threads.thread_id
                AND item_property.visibility = 1
                AND item_property.session_id = 0
                AND posts.visible = 1
                AND item_property.tool = 'forum_thread'
                AND 
        (posts.post_title LIKE '%Submit%'
        OR posts.post_text LIKE '%Submit%')
                GROUP BY posts.post_id':

SQLSTATE[42000]: Syntax error or access violation: 1064 You have an error in your SQL syntax; check the manual that corresponds to your MySQL server version for the right syntax to use near '/        AND posts.thread_id = threads.thread_id
        //        AND item_prop' at line 6
[31-Jul-2016 00:59:29 UTC] An exception occurred while executing 'SELECT posts.*
            FROM c_forum_post posts, c_forum_thread threads, c_item_property item_property
            WHERE
                posts.c_id = 1
                AND item_property.c_id = 1
        //        AND posts.thread_id = threads.thread_id
        //        AND item_property.ref = threads.thread_id
                AND item_property.visibility = 1
                AND item_property.session_id = 0
                AND posts.visible = 1
                AND item_property.tool = 'forum_thread'
                AND 
        (posts.post_title LIKE '%Submit%'
        OR posts.post_text LIKE '%Submit%')
                GROUP BY posts.post_id':

SQLSTATE[42000]: Syntax error or access violation: 1064 You have an error in your SQL syntax; check the manual that corresponds to your MySQL server version for the right syntax to use near '/        AND posts.thread_id = threads.thread_id
        //        AND item_prop' at line 6
[31-Jul-2016 00:59:47 UTC] An exception occurred while executing 'SELECT posts.*
            FROM c_forum_post posts, c_forum_thread threads, c_item_property item_property
            WHERE
                posts.c_id = 1
                AND item_property.c_id = 1
        //        AND posts.thread_id = threads.thread_id
        //        AND item_property.ref = threads.thread_id
                AND item_property.visibility = 1
                AND item_property.session_id = 0
                AND posts.visible = 1
                AND item_property.tool = 'forum_thread'
                AND 
        (posts.post_title LIKE '%Submit%'
        OR posts.post_text LIKE '%Submit%')
                GROUP BY posts.post_id':

SQLSTATE[42000]: Syntax error or access violation: 1064 You have an error in your SQL syntax; check the manual that corresponds to your MySQL server version for the right syntax to use near '/        AND posts.thread_id = threads.thread_id
        //        AND item_prop' at line 6
[31-Jul-2016 00:59:50 UTC] An exception occurred while executing 'SELECT posts.*
            FROM c_forum_post posts, c_forum_thread threads, c_item_property item_property
            WHERE
                posts.c_id = 1
                AND item_property.c_id = 1
        //        AND posts.thread_id = threads.thread_id
        //        AND item_property.ref = threads.thread_id
                AND item_property.visibility = 1
                AND item_property.session_id = 0
                AND posts.visible = 1
                AND item_property.tool = 'forum_thread'
                AND 
        (posts.post_title LIKE '%Submit%'
        OR posts.post_text LIKE '%Submit%')
                GROUP BY posts.post_id':

SQLSTATE[42000]: Syntax error or access violation: 1064 You have an error in your SQL syntax; check the manual that corresponds to your MySQL server version for the right syntax to use near '/        AND posts.thread_id = threads.thread_id
        //        AND item_prop' at line 6
[31-Jul-2016 00:59:56 UTC] An exception occurred while executing 'SELECT posts.*
            FROM c_forum_post posts, c_forum_thread threads, c_item_property item_property
            WHERE
                posts.c_id = 1
                AND item_property.c_id = 1
        //        AND posts.thread_id = threads.thread_id
        //        AND item_property.ref = threads.thread_id
                AND item_property.visibility = 1
                AND item_property.session_id = 0
                AND posts.visible = 1
                AND item_property.tool = 'forum_thread'
                AND 
        (posts.post_title LIKE '%Canot%'
        OR posts.post_text LIKE '%Canot%')
                GROUP BY posts.post_id':

SQLSTATE[42000]: Syntax error or access violation: 1064 You have an error in your SQL syntax; check the manual that corresponds to your MySQL server version for the right syntax to use near '/        AND posts.thread_id = threads.thread_id
        //        AND item_prop' at line 6
[31-Jul-2016 01:00:00 UTC] An exception occurred while executing 'SELECT posts.*
            FROM c_forum_post posts, c_forum_thread threads, c_item_property item_property
            WHERE
                posts.c_id = 1
                AND item_property.c_id = 1
        //        AND posts.thread_id = threads.thread_id
        //        AND item_property.ref = threads.thread_id
                AND item_property.visibility = 1
                AND item_property.session_id = 0
                AND posts.visible = 1
                AND item_property.tool = 'forum_thread'
                AND 
        (posts.post_title LIKE '%Cant%'
        OR posts.post_text LIKE '%Cant%')
                GROUP BY posts.post_id':

SQLSTATE[42000]: Syntax error or access violation: 1064 You have an error in your SQL syntax; check the manual that corresponds to your MySQL server version for the right syntax to use near '/        AND posts.thread_id = threads.thread_id
        //        AND item_prop' at line 6
[31-Jul-2016 01:00:11 UTC] An exception occurred while executing 'SELECT posts.*
            FROM c_forum_post posts, c_forum_thread threads, c_item_property item_property
            WHERE
                posts.c_id = 1
                AND item_property.c_id = 1
        //        AND posts.thread_id = threads.thread_id
        //        AND item_property.ref = threads.thread_id
        //        AND item_property.visibility = 1
                AND item_property.session_id = 0
                AND posts.visible = 1
                AND item_property.tool = 'forum_thread'
                AND 
        (posts.post_title LIKE '%Cant%'
        OR posts.post_text LIKE '%Cant%')
                GROUP BY posts.post_id':

SQLSTATE[42000]: Syntax error or access violation: 1064 You have an error in your SQL syntax; check the manual that corresponds to your MySQL server version for the right syntax to use near '/        AND posts.thread_id = threads.thread_id
        //        AND item_prop' at line 6
[31-Jul-2016 01:00:14 UTC] An exception occurred while executing 'SELECT posts.*
            FROM c_forum_post posts, c_forum_thread threads, c_item_property item_property
            WHERE
                posts.c_id = 1
                AND item_property.c_id = 1
        //        AND posts.thread_id = threads.thread_id
        //        AND item_property.ref = threads.thread_id
        //        AND item_property.visibility = 1
                AND item_property.session_id = 0
                AND posts.visible = 1
                AND item_property.tool = 'forum_thread'
                AND 
        (posts.post_title LIKE '%Submit%'
        OR posts.post_text LIKE '%Submit%')
                GROUP BY posts.post_id':

SQLSTATE[42000]: Syntax error or access violation: 1064 You have an error in your SQL syntax; check the manual that corresponds to your MySQL server version for the right syntax to use near '/        AND posts.thread_id = threads.thread_id
        //        AND item_prop' at line 6
[31-Jul-2016 01:00:25 UTC] An exception occurred while executing 'SELECT posts.*
            FROM c_forum_post posts, c_forum_thread threads, c_item_property item_property
            WHERE
                posts.c_id = 1
                AND item_property.c_id = 1
        //        AND posts.thread_id = threads.thread_id
        //        AND item_property.ref = threads.thread_id
        //        AND item_property.visibility = 1
        //        AND item_property.session_id = 0
                AND posts.visible = 1
                AND item_property.tool = 'forum_thread'
                AND 
        (posts.post_title LIKE '%Submit%'
        OR posts.post_text LIKE '%Submit%')
                GROUP BY posts.post_id':

SQLSTATE[42000]: Syntax error or access violation: 1064 You have an error in your SQL syntax; check the manual that corresponds to your MySQL server version for the right syntax to use near '/        AND posts.thread_id = threads.thread_id
        //        AND item_prop' at line 6
[31-Jul-2016 01:00:31 UTC] An exception occurred while executing 'SELECT posts.*
            FROM c_forum_post posts, c_forum_thread threads, c_item_property item_property
            WHERE
                posts.c_id = 1
                AND item_property.c_id = 1
        //        AND posts.thread_id = threads.thread_id
        //        AND item_property.ref = threads.thread_id
        //        AND item_property.visibility = 1
        //        AND item_property.session_id = 0
                AND posts.visible = 1
                AND item_property.tool = 'forum_thread'
                AND 
        (posts.post_title LIKE '%Submit%'
        OR posts.post_text LIKE '%Submit%')
                GROUP BY posts.post_id':

SQLSTATE[42000]: Syntax error or access violation: 1064 You have an error in your SQL syntax; check the manual that corresponds to your MySQL server version for the right syntax to use near '/        AND posts.thread_id = threads.thread_id
        //        AND item_prop' at line 6
[31-Jul-2016 01:00:40 UTC] An exception occurred while executing 'SELECT posts.*
            FROM c_forum_post posts, c_forum_thread threads, c_item_property item_property
            WHERE
                posts.c_id = 1
                AND item_property.c_id = 1
        //        AND posts.thread_id = threads.thread_id
        //        AND item_property.ref = threads.thread_id
        //        AND item_property.visibility = 1
        //        AND item_property.session_id = 0
        //        AND posts.visible = 1
                AND item_property.tool = 'forum_thread'
                AND 
        (posts.post_title LIKE '%Submit%'
        OR posts.post_text LIKE '%Submit%')
                GROUP BY posts.post_id':

SQLSTATE[42000]: Syntax error or access violation: 1064 You have an error in your SQL syntax; check the manual that corresponds to your MySQL server version for the right syntax to use near '/        AND posts.thread_id = threads.thread_id
        //        AND item_prop' at line 6
[31-Jul-2016 01:00:43 UTC] An exception occurred while executing 'SELECT posts.*
            FROM c_forum_post posts, c_forum_thread threads, c_item_property item_property
            WHERE
                posts.c_id = 1
                AND item_property.c_id = 1
        //        AND posts.thread_id = threads.thread_id
        //        AND item_property.ref = threads.thread_id
        //        AND item_property.visibility = 1
        //        AND item_property.session_id = 0
        //        AND posts.visible = 1
                AND item_property.tool = 'forum_thread'
                AND 
        (posts.post_title LIKE '%Submit%'
        OR posts.post_text LIKE '%Submit%')
                GROUP BY posts.post_id':

SQLSTATE[42000]: Syntax error or access violation: 1064 You have an error in your SQL syntax; check the manual that corresponds to your MySQL server version for the right syntax to use near '/        AND posts.thread_id = threads.thread_id
        //        AND item_prop' at line 6
[31-Jul-2016 01:01:02 UTC] An exception occurred while executing 'SELECT DISTINCT s.id, name, access_start_date, access_end_date
                FROM session s
                INNER JOIN session_rel_course_rel_user session_rc_ru
                ON session_rc_ru.session_id = s.id AND session_rc_ru.user_id = '1'
                WHERE
                    session_rc_ru.c_id = '1' AND
                    session_rc_ru.status = 2 AND
                    session_rc_ru.session_id = '0'':

SQLSTATE[HY000]: General error: 2014 Cannot execute queries while other unbuffered queries are active.  Consider using PDOStatement::fetchAll().  Alternatively, if your code is only ever going to run against mysql, you may enable query buffering by setting the PDO::MYSQL_ATTR_USE_BUFFERED_QUERY attribute.
[31-Jul-2016 01:01:24 UTC] An exception occurred while executing 'SELECT DISTINCT s.id, name, access_start_date, access_end_date
                FROM session s
                INNER JOIN session_rel_course_rel_user session_rc_ru
                ON session_rc_ru.session_id = s.id AND session_rc_ru.user_id = '1'
                WHERE
                    session_rc_ru.c_id = '1' AND
                    session_rc_ru.status = 2 AND
                    session_rc_ru.session_id = '0'':

SQLSTATE[HY000]: General error: 2014 Cannot execute queries while other unbuffered queries are active.  Consider using PDOStatement::fetchAll().  Alternatively, if your code is only ever going to run against mysql, you may enable query buffering by setting the PDO::MYSQL_ATTR_USE_BUFFERED_QUERY attribute.
[31-Jul-2016 01:01:38 UTC] An exception occurred while executing 'SELECT posts.*
            FROM c_forum_post posts, c_forum_thread threads, c_item_property item_property
        //    WHERE
        //        posts.c_id = 1
        //        AND item_property.c_id = 1
        //        AND posts.thread_id = threads.thread_id
        //        AND item_property.ref = threads.thread_id
        //        AND item_property.visibility = 1
        //        AND item_property.session_id = 0
        //        AND posts.visible = 1
        //        AND item_property.tool = 'forum_thread'
        //        AND 
        (posts.post_title LIKE '%Submit%'
        OR posts.post_text LIKE '%Submit%')
        //        GROUP BY posts.post_id':

SQLSTATE[42000]: Syntax error or access violation: 1064 You have an error in your SQL syntax; check the manual that corresponds to your MySQL server version for the right syntax to use near '//    WHERE
        //        posts.c_id = 1
        //        AND item_property' at line 3
[31-Jul-2016 01:01:41 UTC] An exception occurred while executing 'SELECT posts.*
            FROM c_forum_post posts, c_forum_thread threads, c_item_property item_property
        //    WHERE
        //        posts.c_id = 1
        //        AND item_property.c_id = 1
        //        AND posts.thread_id = threads.thread_id
        //        AND item_property.ref = threads.thread_id
        //        AND item_property.visibility = 1
        //        AND item_property.session_id = 0
        //        AND posts.visible = 1
        //        AND item_property.tool = 'forum_thread'
        //        AND 
        (posts.post_title LIKE '%Submit%'
        OR posts.post_text LIKE '%Submit%')
        //        GROUP BY posts.post_id':

SQLSTATE[42000]: Syntax error or access violation: 1064 You have an error in your SQL syntax; check the manual that corresponds to your MySQL server version for the right syntax to use near '//    WHERE
        //        posts.c_id = 1
        //        AND item_property' at line 3
[31-Jul-2016 01:01:57 UTC] An exception occurred while executing 'SELECT posts.*
            FROM c_forum_post posts, c_forum_thread threads, c_item_property item_property
        //    WHERE
        //        posts.c_id = 1
        //        AND item_property.c_id = 1
        //        AND posts.thread_id = threads.thread_id
        //        AND item_property.ref = threads.thread_id
        //        AND item_property.visibility = 1
        //        AND item_property.session_id = 0
        //        AND posts.visible = 1
        //        AND item_property.tool = 'forum_thread'
        //        AND 
        (posts.post_title LIKE '%Submit%'
        OR posts.post_text LIKE '%Submit%')
        //        GROUP BY posts.post_id':

SQLSTATE[42000]: Syntax error or access violation: 1064 You have an error in your SQL syntax; check the manual that corresponds to your MySQL server version for the right syntax to use near '//    WHERE
        //        posts.c_id = 1
        //        AND item_property' at line 3
[31-Jul-2016 01:02:15 UTC] An exception occurred while executing 'SELECT DISTINCT s.id, name, access_start_date, access_end_date
                FROM session s
                INNER JOIN session_rel_course_rel_user session_rc_ru
                ON session_rc_ru.session_id = s.id AND session_rc_ru.user_id = '1'
                WHERE
                    session_rc_ru.c_id = '1' AND
                    session_rc_ru.status = 2 AND
                    session_rc_ru.session_id = '0'':

SQLSTATE[HY000]: General error: 2014 Cannot execute queries while other unbuffered queries are active.  Consider using PDOStatement::fetchAll().  Alternatively, if your code is only ever going to run against mysql, you may enable query buffering by setting the PDO::MYSQL_ATTR_USE_BUFFERED_QUERY attribute.
[31-Jul-2016 01:02:20 UTC] An exception occurred while executing 'SELECT DISTINCT s.id, name, access_start_date, access_end_date
                FROM session s
                INNER JOIN session_rel_course_rel_user session_rc_ru
                ON session_rc_ru.session_id = s.id AND session_rc_ru.user_id = '1'
                WHERE
                    session_rc_ru.c_id = '1' AND
                    session_rc_ru.status = 2 AND
                    session_rc_ru.session_id = '0'':

SQLSTATE[HY000]: General error: 2014 Cannot execute queries while other unbuffered queries are active.  Consider using PDOStatement::fetchAll().  Alternatively, if your code is only ever going to run against mysql, you may enable query buffering by setting the PDO::MYSQL_ATTR_USE_BUFFERED_QUERY attribute.
[31-Jul-2016 01:02:26 UTC] An exception occurred while executing 'SELECT DISTINCT s.id, name, access_start_date, access_end_date
                FROM session s
                INNER JOIN session_rel_course_rel_user session_rc_ru
                ON session_rc_ru.session_id = s.id AND session_rc_ru.user_id = '1'
                WHERE
                    session_rc_ru.c_id = '1' AND
                    session_rc_ru.status = 2 AND
                    session_rc_ru.session_id = '0'':

SQLSTATE[HY000]: General error: 2014 Cannot execute queries while other unbuffered queries are active.  Consider using PDOStatement::fetchAll().  Alternatively, if your code is only ever going to run against mysql, you may enable query buffering by setting the PDO::MYSQL_ATTR_USE_BUFFERED_QUERY attribute.
[31-Jul-2016 01:02:34 UTC] An exception occurred while executing 'SELECT DISTINCT s.id, name, access_start_date, access_end_date
                FROM session s
                INNER JOIN session_rel_course_rel_user session_rc_ru
                ON session_rc_ru.session_id = s.id AND session_rc_ru.user_id = '1'
                WHERE
                    session_rc_ru.c_id = '1' AND
                    session_rc_ru.status = 2 AND
                    session_rc_ru.session_id = '0'':

SQLSTATE[HY000]: General error: 2014 Cannot execute queries while other unbuffered queries are active.  Consider using PDOStatement::fetchAll().  Alternatively, if your code is only ever going to run against mysql, you may enable query buffering by setting the PDO::MYSQL_ATTR_USE_BUFFERED_QUERY attribute.
[31-Jul-2016 01:03:22 UTC] An exception occurred while executing 'SELECT DISTINCT s.id, name, access_start_date, access_end_date
                FROM session s
                INNER JOIN session_rel_course_rel_user session_rc_ru
                ON session_rc_ru.session_id = s.id AND session_rc_ru.user_id = '1'
                WHERE
                    session_rc_ru.c_id = '1' AND
                    session_rc_ru.status = 2 AND
                    session_rc_ru.session_id = '0'':

SQLSTATE[HY000]: General error: 2014 Cannot execute queries while other unbuffered queries are active.  Consider using PDOStatement::fetchAll().  Alternatively, if your code is only ever going to run against mysql, you may enable query buffering by setting the PDO::MYSQL_ATTR_USE_BUFFERED_QUERY attribute.
[31-Jul-2016 01:05:37 UTC] An exception occurred while executing 'SELECT DISTINCT s.id, name, access_start_date, access_end_date
                FROM session s
                INNER JOIN session_rel_course_rel_user session_rc_ru
                ON session_rc_ru.session_id = s.id AND session_rc_ru.user_id = '1'
                WHERE
                    session_rc_ru.c_id = '1' AND
                    session_rc_ru.status = 2 AND
                    session_rc_ru.session_id = '0'':

SQLSTATE[HY000]: General error: 2014 Cannot execute queries while other unbuffered queries are active.  Consider using PDOStatement::fetchAll().  Alternatively, if your code is only ever going to run against mysql, you may enable query buffering by setting the PDO::MYSQL_ATTR_USE_BUFFERED_QUERY attribute.
[31-Jul-2016 01:08:42 UTC] An exception occurred while executing 'SELECT posts.*
            FROM c_forum_post posts, c_forum_thread threads, c_item_property item_property
            WHERE
                posts.c_id = 1
                AND item_property.c_id = 1
                AND posts.thread_id = threads.thread_id
                AND item_property.ref = threads.thread_id
                AND item_property.visibility = 1
    //            AND item_property.session_id = 0
                AND posts.visible = 1':

SQLSTATE[42000]: Syntax error or access violation: 1064 You have an error in your SQL syntax; check the manual that corresponds to your MySQL server version for the right syntax to use near '/            AND item_property.session_id = 0
                AND posts.visible ' at line 9
[31-Jul-2016 01:08:44 UTC] An exception occurred while executing 'SELECT posts.*
            FROM c_forum_post posts, c_forum_thread threads, c_item_property item_property
            WHERE
                posts.c_id = 1
                AND item_property.c_id = 1
                AND posts.thread_id = threads.thread_id
                AND item_property.ref = threads.thread_id
                AND item_property.visibility = 1
    //            AND item_property.session_id = 0
                AND posts.visible = 1':

SQLSTATE[42000]: Syntax error or access violation: 1064 You have an error in your SQL syntax; check the manual that corresponds to your MySQL server version for the right syntax to use near '/            AND item_property.session_id = 0
                AND posts.visible ' at line 9
[31-Jul-2016 01:09:04 UTC] An exception occurred while executing 'SELECT posts.*
            FROM c_forum_post posts, c_forum_thread threads, c_item_property item_property
            WHERE
                posts.c_id = 1
                AND item_property.c_id = 1
                AND posts.thread_id = threads.thread_id
                AND item_property.ref = threads.thread_id
                AND item_property.visibility = 1
    //          AND item_property.session_id = 0
                AND posts.visible = 1':

SQLSTATE[42000]: Syntax error or access violation: 1064 You have an error in your SQL syntax; check the manual that corresponds to your MySQL server version for the right syntax to use near '/          AND item_property.session_id = 0
                AND posts.visible = ' at line 9
[31-Jul-2016 01:09:06 UTC] An exception occurred while executing 'SELECT posts.*
            FROM c_forum_post posts, c_forum_thread threads, c_item_property item_property
            WHERE
                posts.c_id = 1
                AND item_property.c_id = 1
                AND posts.thread_id = threads.thread_id
                AND item_property.ref = threads.thread_id
                AND item_property.visibility = 1
    //          AND item_property.session_id = 0
                AND posts.visible = 1':

SQLSTATE[42000]: Syntax error or access violation: 1064 You have an error in your SQL syntax; check the manual that corresponds to your MySQL server version for the right syntax to use near '/          AND item_property.session_id = 0
                AND posts.visible = ' at line 9
[31-Jul-2016 01:09:31 UTC] An exception occurred while executing 'SELECT posts.*
            FROM c_forum_post posts, c_forum_thread threads, c_item_property item_property
            WHERE
                posts.c_id = 1
                AND item_property.c_id = 1
                AND posts.thread_id = threads.thread_id
                AND item_property.ref = threads.thread_id
                AND item_property.visibility = 1
    //          AND item_property.session_id = 0
    //            AND posts.visible = 1
                AND item_property.tool = 'forum_thread' ':

SQLSTATE[42000]: Syntax error or access violation: 1064 You have an error in your SQL syntax; check the manual that corresponds to your MySQL server version for the right syntax to use near '/          AND item_property.session_id = 0
    //            AND posts.visible ' at line 9
[31-Jul-2016 01:09:33 UTC] An exception occurred while executing 'SELECT posts.*
            FROM c_forum_post posts, c_forum_thread threads, c_item_property item_property
            WHERE
                posts.c_id = 1
                AND item_property.c_id = 1
                AND posts.thread_id = threads.thread_id
                AND item_property.ref = threads.thread_id
                AND item_property.visibility = 1
    //          AND item_property.session_id = 0
    //            AND posts.visible = 1
                AND item_property.tool = 'forum_thread' ':

SQLSTATE[42000]: Syntax error or access violation: 1064 You have an error in your SQL syntax; check the manual that corresponds to your MySQL server version for the right syntax to use near '/          AND item_property.session_id = 0
    //            AND posts.visible ' at line 9
[31-Jul-2016 01:09:59 UTC] An exception occurred while executing 'SELECT posts.*
            FROM c_forum_post posts, c_forum_thread threads, c_item_property item_property
            WHERE
                posts.c_id = 1
                AND item_property.c_id = 1
                AND posts.thread_id = threads.thread_id
                AND item_property.ref = threads.thread_id
                AND item_property.visibility = 1
    //          AND item_property.session_id = 0
    //            AND posts.visible = 1
    //            AND item_property.tool = 'forum_thread'
                AND 
        (posts.post_title LIKE '%Submit%'
        OR posts.post_text LIKE '%Submit%')
                GROUP BY posts.post_id':

SQLSTATE[42000]: Syntax error or access violation: 1064 You have an error in your SQL syntax; check the manual that corresponds to your MySQL server version for the right syntax to use near '/          AND item_property.session_id = 0
    //            AND posts.visible ' at line 9
[31-Jul-2016 01:10:01 UTC] An exception occurred while executing 'SELECT posts.*
            FROM c_forum_post posts, c_forum_thread threads, c_item_property item_property
            WHERE
                posts.c_id = 1
                AND item_property.c_id = 1
                AND posts.thread_id = threads.thread_id
                AND item_property.ref = threads.thread_id
                AND item_property.visibility = 1
    //          AND item_property.session_id = 0
    //            AND posts.visible = 1
    //            AND item_property.tool = 'forum_thread'
                AND 
        (posts.post_title LIKE '%Submit%'
        OR posts.post_text LIKE '%Submit%')
                GROUP BY posts.post_id':

SQLSTATE[42000]: Syntax error or access violation: 1064 You have an error in your SQL syntax; check the manual that corresponds to your MySQL server version for the right syntax to use near '/          AND item_property.session_id = 0
    //            AND posts.visible ' at line 9
[31-Jul-2016 01:35:10 UTC] /home/ubuntu/workspace/lms/main/inc/lib/api.lib.php:5161: Attempting to update setting submit () which does not exist at all
[31-Jul-2016 01:35:29 UTC] An exception occurred while executing 'SELECT posts.*
            FROM c_forum_post posts, c_forum_thread threads, c_item_property item_property
            WHERE
                posts.c_id = 1
                AND item_property.c_id = 1
                AND posts.thread_id = threads.thread_id
                AND item_property.ref = threads.thread_id
                AND item_property.visibility = 1
          //    AND item_property.session_id = 0
                AND posts.visible = 1
                AND item_property.tool = 'forum_thread'
                AND 
        (posts.post_title LIKE '%submit%'
        OR posts.post_text LIKE '%submit%')
                GROUP BY posts.post_id':

SQLSTATE[42000]: Syntax error or access violation: 1064 You have an error in your SQL syntax; check the manual that corresponds to your MySQL server version for the right syntax to use near '/    AND item_property.session_id = 0
                AND posts.visible = 1
    ' at line 9
[31-Jul-2016 01:35:32 UTC] An exception occurred while executing 'SELECT posts.*
            FROM c_forum_post posts, c_forum_thread threads, c_item_property item_property
            WHERE
                posts.c_id = 1
                AND item_property.c_id = 1
                AND posts.thread_id = threads.thread_id
                AND item_property.ref = threads.thread_id
                AND item_property.visibility = 1
          //    AND item_property.session_id = 0
                AND posts.visible = 1
                AND item_property.tool = 'forum_thread'
                AND 
        (posts.post_title LIKE '%submit%'
        OR posts.post_text LIKE '%submit%')
                GROUP BY posts.post_id':

SQLSTATE[42000]: Syntax error or access violation: 1064 You have an error in your SQL syntax; check the manual that corresponds to your MySQL server version for the right syntax to use near '/    AND item_property.session_id = 0
                AND posts.visible = 1
    ' at line 9
[31-Jul-2016 01:35:35 UTC] An exception occurred while executing 'SELECT posts.*
            FROM c_forum_post posts, c_forum_thread threads, c_item_property item_property
            WHERE
                posts.c_id = 1
                AND item_property.c_id = 1
                AND posts.thread_id = threads.thread_id
                AND item_property.ref = threads.thread_id
                AND item_property.visibility = 1
          //    AND item_property.session_id = 0
                AND posts.visible = 1
                AND item_property.tool = 'forum_thread'
                AND 
        (posts.post_title LIKE '%Submit%'
        OR posts.post_text LIKE '%Submit%')
                GROUP BY posts.post_id':

SQLSTATE[42000]: Syntax error or access violation: 1064 You have an error in your SQL syntax; check the manual that corresponds to your MySQL server version for the right syntax to use near '/    AND item_property.session_id = 0
                AND posts.visible = 1
    ' at line 9
[31-Jul-2016 01:35:57 UTC] An exception occurred while executing 'SELECT posts.*
            FROM c_forum_post posts, c_forum_thread threads, c_item_property item_property
            WHERE
                posts.c_id = 1
                AND item_property.c_id = 1
                AND posts.thread_id = threads.thread_id
                AND item_property.ref = threads.thread_id
                AND item_property.visibility = 1
          //    AND item_property.session_id = 0
                AND posts.visible = 1
                AND item_property.tool = 'forum_thread'
                AND 
        (posts.post_title LIKE '%Submit%'
        OR posts.post_text LIKE '%Submit%')
                GROUP BY posts.post_id':

SQLSTATE[42000]: Syntax error or access violation: 1064 You have an error in your SQL syntax; check the manual that corresponds to your MySQL server version for the right syntax to use near '/    AND item_property.session_id = 0
                AND posts.visible = 1
    ' at line 9
[31-Jul-2016 01:38:00 UTC] /home/ubuntu/workspace/lms/main/inc/lib/api.lib.php:5161: Attempting to update setting submit () which does not exist at all
[01-Aug-2016 09:13:44 UTC] /home/ubuntu/workspace/lms/main/inc/lib/api.lib.php:5161: Attempting to update setting submit () which does not exist at all
[02-Aug-2016 00:35:14 UTC] /home/ubuntu/workspace/lms/main/inc/lib/api.lib.php:5161: Attempting to update setting submit () which does not exist at all
[04-Aug-2016 00:39:13 UTC] /home/ubuntu/workspace/lms/main/inc/lib/api.lib.php:5161: Attempting to update setting submit () which does not exist at all
[04-Aug-2016 00:40:14 UTC] /home/ubuntu/workspace/lms/main/inc/lib/api.lib.php:5161: Attempting to update setting submit () which does not exist at all
[04-Aug-2016 00:40:46 UTC] /home/ubuntu/workspace/lms/main/inc/lib/api.lib.php:5161: Attempting to update setting submit () which does not exist at all
[04-Aug-2016 03:30:14 UTC] PHP Fatal error:  Call to undefined method Skype::uninstall() in /home/ubuntu/workspace/lms/plugin/skype/uninstall.php on line 10
[04-Aug-2016 03:30:14 UTC] PHP Stack trace:
[04-Aug-2016 03:30:14 UTC] PHP   1. {main}() /home/ubuntu/workspace/lms/main/admin/settings.php:0
[04-Aug-2016 03:30:14 UTC] PHP   2. handle_plugins() /home/ubuntu/workspace/lms/main/admin/settings.php:506
[04-Aug-2016 03:30:14 UTC] PHP   3. store_plugins() /home/ubuntu/workspace/lms/main/admin/settings.lib.php:115
[04-Aug-2016 03:30:14 UTC] PHP   4. AppPlugin->uninstall() /home/ubuntu/workspace/lms/main/admin/settings.lib.php:691
[04-Aug-2016 03:30:14 UTC] PHP   5. require() /home/ubuntu/workspace/lms/main/inc/lib/plugin.lib.php:193
[04-Aug-2016 03:37:06 UTC] PHP Fatal error:  Call to undefined method Skype::uninstall() in /home/ubuntu/workspace/lms/plugin/skype/uninstall.php on line 10
[04-Aug-2016 03:37:06 UTC] PHP Stack trace:
[04-Aug-2016 03:37:06 UTC] PHP   1. {main}() /home/ubuntu/workspace/lms/main/admin/settings.php:0
[04-Aug-2016 03:37:06 UTC] PHP   2. handle_plugins() /home/ubuntu/workspace/lms/main/admin/settings.php:506
[04-Aug-2016 03:37:06 UTC] PHP   3. store_plugins() /home/ubuntu/workspace/lms/main/admin/settings.lib.php:115
[04-Aug-2016 03:37:06 UTC] PHP   4. AppPlugin->uninstall() /home/ubuntu/workspace/lms/main/admin/settings.lib.php:691
[04-Aug-2016 03:37:06 UTC] PHP   5. require() /home/ubuntu/workspace/lms/main/inc/lib/plugin.lib.php:193
[04-Aug-2016 06:42:30 UTC] /home/ubuntu/workspace/lms/main/inc/lib/api.lib.php:5161: Attempting to update setting submit () which does not exist at all
[05-Aug-2016 09:16:52 UTC] PHP Parse error:  syntax error, unexpected ';' in /home/ubuntu/workspace/lms/main/calendar/calendarfunctions.php on line 40
[05-Aug-2016 09:16:52 UTC] PHP Stack trace:
[05-Aug-2016 09:16:52 UTC] PHP   1. {main}() /home/ubuntu/workspace/lms/main/calendar/newcalendar.php:0
[05-Aug-2016 09:58:17 UTC] PHP Parse error:  syntax error, unexpected '$calendar' (T_VARIABLE) in /home/ubuntu/workspace/lms/main/calendar/calendarfunctions.php on line 52
[05-Aug-2016 09:58:17 UTC] PHP Stack trace:
[05-Aug-2016 09:58:17 UTC] PHP   1. {main}() /home/ubuntu/workspace/lms/main/calendar/newcalendar.php:0
[05-Aug-2016 10:01:56 UTC] PHP Fatal error:  Uncaught exception 'PDOException' with message 'SQLSTATE[HY000] [1045] Access denied for user 'DB_USER'@'localhost' (using password: YES)' in /home/ubuntu/workspace/lms/main/calendar/calendarfunctions.php:43
Stack trace:
#0 /home/ubuntu/workspace/lms/main/calendar/calendarfunctions.php(43): PDO->__construct('mysql:host=loca...', 'DB_USER', 'DB_PW')
#1 /home/ubuntu/workspace/lms/main/calendar/newcalendar.php(47): draw_calendar(8, 2016)
#2 {main}
  thrown in /home/ubuntu/workspace/lms/main/calendar/calendarfunctions.php on line 43
[05-Aug-2016 10:02:21 UTC] PHP Fatal error:  Uncaught exception 'PDOException' with message 'SQLSTATE[HY000] [1045] Access denied for user ''@'localhost' (using password: NO)' in /home/ubuntu/workspace/lms/main/calendar/calendarfunctions.php:43
Stack trace:
#0 /home/ubuntu/workspace/lms/main/calendar/calendarfunctions.php(43): PDO->__construct('mysql:host=loca...')
#1 /home/ubuntu/workspace/lms/main/calendar/newcalendar.php(47): draw_calendar(8, 2016)
#2 {main}
  thrown in /home/ubuntu/workspace/lms/main/calendar/calendarfunctions.php on line 43
[05-Aug-2016 10:11:49 UTC] PHP Parse error:  syntax error, unexpected ';' in /home/ubuntu/workspace/lms/main/calendar/calendarfunctions.php on line 56
[05-Aug-2016 10:11:49 UTC] PHP Stack trace:
[05-Aug-2016 10:11:49 UTC] PHP   1. {main}() /home/ubuntu/workspace/lms/main/calendar/newcalendar.php:0
[05-Aug-2016 10:12:03 UTC] PHP Parse error:  syntax error, unexpected ';' in /home/ubuntu/workspace/lms/main/calendar/calendarfunctions.php on line 56
[05-Aug-2016 10:12:03 UTC] PHP Stack trace:
[05-Aug-2016 10:12:03 UTC] PHP   1. {main}() /home/ubuntu/workspace/lms/main/calendar/newcalendar.php:0
[05-Aug-2016 10:14:18 UTC] An exception occurred while executing 'Select c_c_calendar_event.c_id, c_c_calendar_event.title, c_c_calendar_event.start_date, c_c_calendar_event.end_date, c_course.title
					FROM c_c_calendar_event
					Where start_date = 2016-08-01
					LEFT JOIN c_course
					On c_c_calendar_event.c_id = c_course.id':

SQLSTATE[42000]: Syntax error or access violation: 1064 You have an error in your SQL syntax; check the manual that corresponds to your MySQL server version for the right syntax to use near 'LEFT JOIN c_course
					On c_c_calendar_event.c_id = c_course.id' at line 4
[05-Aug-2016 10:15:26 UTC] An exception occurred while executing 'Select c_c_calendar_event.c_id, c_c_calendar_event.title, c_c_calendar_event.start_date, c_c_calendar_event.end_date, c_course.title
					FROM c_c_calendar_event
					Where start_date = 2016-08-01
					LEFT JOIN c_course
					On c_c_calendar_event.c_id = c_course.id':

SQLSTATE[42000]: Syntax error or access violation: 1064 You have an error in your SQL syntax; check the manual that corresponds to your MySQL server version for the right syntax to use near 'LEFT JOIN c_course
					On c_c_calendar_event.c_id = c_course.id' at line 4
[05-Aug-2016 10:15:46 UTC] An exception occurred while executing 'Select c_c_calendar_event.c_id, c_c_calendar_event.title, c_c_calendar_event.start_date, c_c_calendar_event.end_date, c_course.title
					FROM c_c_calendar_event
					Where start_date = 2016-08-01
					LEFT JOIN c_course
					On c_c_calendar_event.c_id = c_course.id':

SQLSTATE[42000]: Syntax error or access violation: 1064 You have an error in your SQL syntax; check the manual that corresponds to your MySQL server version for the right syntax to use near 'LEFT JOIN c_course
					On c_c_calendar_event.c_id = c_course.id' at line 4
[05-Aug-2016 10:16:04 UTC] An exception occurred while executing 'Select c_c_calendar_event.c_id, c_c_calendar_event.title, c_c_calendar_event.start_date, c_c_calendar_event.end_date, c_course.title
					FROM c_c_calendar_event
					Where start_date = 2016-08-01
					LEFT JOIN c_course
					On c_c_calendar_event.c_id = c_course.id':

SQLSTATE[42000]: Syntax error or access violation: 1064 You have an error in your SQL syntax; check the manual that corresponds to your MySQL server version for the right syntax to use near 'LEFT JOIN c_course
					On c_c_calendar_event.c_id = c_course.id' at line 4
[05-Aug-2016 10:17:20 UTC] An exception occurred while executing 'Select c_c_calendar_event.c_id, c_c_calendar_event.title, c_c_calendar_event.start_date, c_c_calendar_event.end_date, c_course.title
					FROM c_c_calendar_event
					Where start_date = 2016-08-01
					LEFT JOIN c_course
					On c_c_calendar_event.c_id = c_course.id':

SQLSTATE[42000]: Syntax error or access violation: 1064 You have an error in your SQL syntax; check the manual that corresponds to your MySQL server version for the right syntax to use near 'LEFT JOIN c_course
					On c_c_calendar_event.c_id = c_course.id' at line 4
[05-Aug-2016 10:18:17 UTC] An exception occurred while executing 'Select c_calendar_event.c_id, c_calendar_event.title, c_calendar_event.start_date, c_calendar_event.end_date, course.title
				FROM c_calendar_event
				Where start_date = ;
				LEFT JOIN course
				On c_calendar_event.c_id = course.id;':

SQLSTATE[42000]: Syntax error or access violation: 1064 You have an error in your SQL syntax; check the manual that corresponds to your MySQL server version for the right syntax to use near ';
				LEFT JOIN course
				On c_calendar_event.c_id = course.id' at line 3
[05-Aug-2016 10:18:26 UTC] An exception occurred while executing 'Select c_calendar_event.c_id, c_calendar_event.title, c_calendar_event.start_date, c_calendar_event.end_date, course.title
				FROM c_calendar_event
				Where start_date = ;
				LEFT JOIN course
				On c_calendar_event.c_id = course.id':

SQLSTATE[42000]: Syntax error or access violation: 1064 You have an error in your SQL syntax; check the manual that corresponds to your MySQL server version for the right syntax to use near ';
				LEFT JOIN course
				On c_calendar_event.c_id = course.id' at line 3
[05-Aug-2016 10:25:46 UTC] An exception occurred while executing 'Select c_TABLE_CALENDAR_EVENT.c_id, c_TABLE_CALENDAR_EVENT.title, c_TABLE_CALENDAR_EVENT.start_date, c_TABLE_CALENDAR_EVENT.end_date, c_TABLE_COURSE.title
				FROM c_TABLE_CALENDAR_EVENT
				Where start_date = today
				LEFT JOIN c_TABLE_COURSE 
				On c_TABLE_CALENDAR_EVENT.c_id = c_TABLE_COURSE.id':

SQLSTATE[42000]: Syntax error or access violation: 1064 You have an error in your SQL syntax; check the manual that corresponds to your MySQL server version for the right syntax to use near 'LEFT JOIN c_TABLE_COURSE 
				On c_TABLE_CALENDAR_EVENT.c_id = c_TABLE_COURSE.id' at line 4
[05-Aug-2016 10:41:47 UTC] PHP Parse error:  syntax error, unexpected ')', expecting ',' or ';' in /home/ubuntu/workspace/lms/main/calendar/calendarfunctions.php on line 54
[05-Aug-2016 10:41:47 UTC] PHP Stack trace:
[05-Aug-2016 10:41:47 UTC] PHP   1. {main}() /home/ubuntu/workspace/lms/main/calendar/newcalendar.php:0
[05-Aug-2016 10:41:56 UTC] PHP Parse error:  syntax error, unexpected ')', expecting ',' or ';' in /home/ubuntu/workspace/lms/main/calendar/calendarfunctions.php on line 54
[05-Aug-2016 10:41:56 UTC] PHP Stack trace:
[05-Aug-2016 10:41:56 UTC] PHP   1. {main}() /home/ubuntu/workspace/lms/main/calendar/newcalendar.php:0
[05-Aug-2016 10:50:53 UTC] PHP Warning:  include(db.php): failed to open stream: No such file or directory in /home/ubuntu/workspace/lms/main/calendar/calendarfunctions.php on line 3
[05-Aug-2016 10:50:53 UTC] PHP Stack trace:
[05-Aug-2016 10:50:53 UTC] PHP   1. {main}() /home/ubuntu/workspace/lms/main/calendar/newcalendar.php:0
[05-Aug-2016 10:50:53 UTC] PHP   2. require_once() /home/ubuntu/workspace/lms/main/calendar/newcalendar.php:4
[05-Aug-2016 10:50:53 UTC] PHP Warning:  include(): Failed opening 'db.php' for inclusion (include_path='.:/usr/share/php:/usr/share/pear') in /home/ubuntu/workspace/lms/main/calendar/calendarfunctions.php on line 3
[05-Aug-2016 10:50:53 UTC] PHP Stack trace:
[05-Aug-2016 10:50:53 UTC] PHP   1. {main}() /home/ubuntu/workspace/lms/main/calendar/newcalendar.php:0
[05-Aug-2016 10:50:53 UTC] PHP   2. require_once() /home/ubuntu/workspace/lms/main/calendar/newcalendar.php:4
[05-Aug-2016 10:56:00 UTC] PHP Parse error:  syntax error, unexpected ',' in /home/ubuntu/workspace/lms/main/calendar/calendarfunctions.php on line 51
[05-Aug-2016 10:56:00 UTC] PHP Stack trace:
[05-Aug-2016 10:56:00 UTC] PHP   1. {main}() /home/ubuntu/workspace/lms/main/calendar/newcalendar.php:0
[05-Aug-2016 10:57:22 UTC] PHP Parse error:  syntax error, unexpected ',' in /home/ubuntu/workspace/lms/main/calendar/calendarfunctions.php on line 51
[05-Aug-2016 10:57:22 UTC] PHP Stack trace:
[05-Aug-2016 10:57:22 UTC] PHP   1. {main}() /home/ubuntu/workspace/lms/main/calendar/newcalendar.php:0
[05-Aug-2016 10:57:26 UTC] PHP Parse error:  syntax error, unexpected ',' in /home/ubuntu/workspace/lms/main/calendar/calendarfunctions.php on line 51
[05-Aug-2016 10:57:26 UTC] PHP Stack trace:
[05-Aug-2016 10:57:26 UTC] PHP   1. {main}() /home/ubuntu/workspace/lms/main/calendar/newcalendar.php:0
[05-Aug-2016 11:02:21 UTC] PHP Parse error:  syntax error, unexpected 'assoc' (T_STRING) in /home/ubuntu/workspace/lms/main/calendar/calendarfunctions.php on line 48
[05-Aug-2016 11:02:21 UTC] PHP Stack trace:
[05-Aug-2016 11:02:21 UTC] PHP   1. {main}() /home/ubuntu/workspace/lms/main/calendar/newcalendar.php:0
[05-Aug-2016 11:03:10 UTC] PHP Fatal error:  Call to a member function query() on a non-object in /home/ubuntu/workspace/lms/main/calendar/calendarfunctions.php on line 47
[05-Aug-2016 11:03:10 UTC] PHP Stack trace:
[05-Aug-2016 11:03:10 UTC] PHP   1. {main}() /home/ubuntu/workspace/lms/main/calendar/newcalendar.php:0
[05-Aug-2016 11:03:10 UTC] PHP   2. draw_calendar() /home/ubuntu/workspace/lms/main/calendar/newcalendar.php:47
[05-Aug-2016 11:03:13 UTC] PHP Fatal error:  Call to a member function query() on a non-object in /home/ubuntu/workspace/lms/main/calendar/calendarfunctions.php on line 47
[05-Aug-2016 11:03:13 UTC] PHP Stack trace:
[05-Aug-2016 11:03:13 UTC] PHP   1. {main}() /home/ubuntu/workspace/lms/main/calendar/newcalendar.php:0
[05-Aug-2016 11:03:13 UTC] PHP   2. draw_calendar() /home/ubuntu/workspace/lms/main/calendar/newcalendar.php:47
[05-Aug-2016 11:05:49 UTC] PHP Fatal error:  Call to a member function query() on a non-object in /home/ubuntu/workspace/lms/main/calendar/calendarfunctions.php on line 45
[05-Aug-2016 11:05:49 UTC] PHP Stack trace:
[05-Aug-2016 11:05:49 UTC] PHP   1. {main}() /home/ubuntu/workspace/lms/main/calendar/newcalendar.php:0
[05-Aug-2016 11:05:49 UTC] PHP   2. draw_calendar() /home/ubuntu/workspace/lms/main/calendar/newcalendar.php:47
[05-Aug-2016 11:06:34 UTC] PHP Fatal error:  Call to a member function query() on a non-object in /home/ubuntu/workspace/lms/main/calendar/calendarfunctions.php on line 46
[05-Aug-2016 11:06:34 UTC] PHP Stack trace:
[05-Aug-2016 11:06:34 UTC] PHP   1. {main}() /home/ubuntu/workspace/lms/main/calendar/newcalendar.php:0
[05-Aug-2016 11:06:34 UTC] PHP   2. draw_calendar() /home/ubuntu/workspace/lms/main/calendar/newcalendar.php:47
[05-Aug-2016 11:10:01 UTC] PHP Parse error:  syntax error, unexpected end of file in /home/ubuntu/workspace/lms/main/calendar/calendarfunctions.php on line 97
[05-Aug-2016 11:10:01 UTC] PHP Stack trace:
[05-Aug-2016 11:10:01 UTC] PHP   1. {main}() /home/ubuntu/workspace/lms/main/calendar/newcalendar.php:0
[05-Aug-2016 11:10:58 UTC] PHP Fatal error:  Call to a member function query() on a non-object in /home/ubuntu/workspace/lms/main/calendar/calendarfunctions.php on line 51
[05-Aug-2016 11:10:58 UTC] PHP Stack trace:
[05-Aug-2016 11:10:58 UTC] PHP   1. {main}() /home/ubuntu/workspace/lms/main/calendar/newcalendar.php:0
[05-Aug-2016 11:10:58 UTC] PHP   2. draw_calendar() /home/ubuntu/workspace/lms/main/calendar/newcalendar.php:47
[05-Aug-2016 11:22:53 UTC] PHP Fatal error:  Call to a member function fetch_row() on a non-object in /home/ubuntu/workspace/lms/main/calendar/calendarfunctions.php on line 57
[05-Aug-2016 11:22:53 UTC] PHP Stack trace:
[05-Aug-2016 11:22:53 UTC] PHP   1. {main}() /home/ubuntu/workspace/lms/main/calendar/newcalendar.php:0
[05-Aug-2016 11:22:53 UTC] PHP   2. draw_calendar() /home/ubuntu/workspace/lms/main/calendar/newcalendar.php:47
[05-Aug-2016 11:23:08 UTC] PHP Fatal error:  Call to a member function fetch_row() on a non-object in /home/ubuntu/workspace/lms/main/calendar/calendarfunctions.php on line 57
[05-Aug-2016 11:23:08 UTC] PHP Stack trace:
[05-Aug-2016 11:23:08 UTC] PHP   1. {main}() /home/ubuntu/workspace/lms/main/calendar/newcalendar.php:0
[05-Aug-2016 11:23:08 UTC] PHP   2. draw_calendar() /home/ubuntu/workspace/lms/main/calendar/newcalendar.php:47
[05-Aug-2016 11:25:49 UTC] PHP Fatal error:  Call to a member function fetch_row() on a non-object in /home/ubuntu/workspace/lms/main/calendar/calendarfunctions.php on line 53
[05-Aug-2016 11:25:49 UTC] PHP Stack trace:
[05-Aug-2016 11:25:49 UTC] PHP   1. {main}() /home/ubuntu/workspace/lms/main/calendar/newcalendar.php:0
[05-Aug-2016 11:25:49 UTC] PHP   2. draw_calendar() /home/ubuntu/workspace/lms/main/calendar/newcalendar.php:47
[05-Aug-2016 11:26:24 UTC] PHP Fatal error:  Call to a member function fetch_row() on a non-object in /home/ubuntu/workspace/lms/main/calendar/calendarfunctions.php on line 53
[05-Aug-2016 11:26:24 UTC] PHP Stack trace:
[05-Aug-2016 11:26:24 UTC] PHP   1. {main}() /home/ubuntu/workspace/lms/main/calendar/newcalendar.php:0
[05-Aug-2016 11:26:24 UTC] PHP   2. draw_calendar() /home/ubuntu/workspace/lms/main/calendar/newcalendar.php:47
[05-Aug-2016 11:27:13 UTC] PHP Fatal error:  Call to a member function fetch_row() on a non-object in /home/ubuntu/workspace/lms/main/calendar/calendarfunctions.php on line 53
[05-Aug-2016 11:27:13 UTC] PHP Stack trace:
[05-Aug-2016 11:27:13 UTC] PHP   1. {main}() /home/ubuntu/workspace/lms/main/calendar/newcalendar.php:0
[05-Aug-2016 11:27:13 UTC] PHP   2. draw_calendar() /home/ubuntu/workspace/lms/main/calendar/newcalendar.php:47
[05-Aug-2016 11:28:55 UTC] PHP Fatal error:  Call to a member function fetch_row() on a non-object in /home/ubuntu/workspace/lms/main/calendar/calendarfunctions.php on line 53
[05-Aug-2016 11:28:55 UTC] PHP Stack trace:
[05-Aug-2016 11:28:55 UTC] PHP   1. {main}() /home/ubuntu/workspace/lms/main/calendar/newcalendar.php:0
[05-Aug-2016 11:28:55 UTC] PHP   2. draw_calendar() /home/ubuntu/workspace/lms/main/calendar/newcalendar.php:47
[05-Aug-2016 11:29:18 UTC] PHP Fatal error:  Call to a member function fetch_row() on a non-object in /home/ubuntu/workspace/lms/main/calendar/calendarfunctions.php on line 53
[05-Aug-2016 11:29:18 UTC] PHP Stack trace:
[05-Aug-2016 11:29:18 UTC] PHP   1. {main}() /home/ubuntu/workspace/lms/main/calendar/newcalendar.php:0
[05-Aug-2016 11:29:18 UTC] PHP   2. draw_calendar() /home/ubuntu/workspace/lms/main/calendar/newcalendar.php:47
[05-Aug-2016 11:30:45 UTC] PHP Fatal error:  Call to a member function fetch_row() on a non-object in /home/ubuntu/workspace/lms/main/calendar/calendarfunctions.php on line 53
[05-Aug-2016 11:30:45 UTC] PHP Stack trace:
[05-Aug-2016 11:30:45 UTC] PHP   1. {main}() /home/ubuntu/workspace/lms/main/calendar/newcalendar.php:0
[05-Aug-2016 11:30:45 UTC] PHP   2. draw_calendar() /home/ubuntu/workspace/lms/main/calendar/newcalendar.php:47
[05-Aug-2016 11:31:43 UTC] PHP Fatal error:  Call to a member function fetch_array() on a non-object in /home/ubuntu/workspace/lms/main/calendar/calendarfunctions.php on line 53
[05-Aug-2016 11:31:43 UTC] PHP Stack trace:
[05-Aug-2016 11:31:43 UTC] PHP   1. {main}() /home/ubuntu/workspace/lms/main/calendar/newcalendar.php:0
[05-Aug-2016 11:31:43 UTC] PHP   2. draw_calendar() /home/ubuntu/workspace/lms/main/calendar/newcalendar.php:47
[05-Aug-2016 11:31:55 UTC] PHP Fatal error:  Call to a member function fetch_row() on a non-object in /home/ubuntu/workspace/lms/main/calendar/calendarfunctions.php on line 53
[05-Aug-2016 11:31:55 UTC] PHP Stack trace:
[05-Aug-2016 11:31:55 UTC] PHP   1. {main}() /home/ubuntu/workspace/lms/main/calendar/newcalendar.php:0
[05-Aug-2016 11:31:55 UTC] PHP   2. draw_calendar() /home/ubuntu/workspace/lms/main/calendar/newcalendar.php:47
[05-Aug-2016 11:35:17 UTC] PHP Fatal error:  Call to a member function fetch_array() on a non-object in /home/ubuntu/workspace/lms/main/calendar/calendarfunctions.php on line 53
[05-Aug-2016 11:35:17 UTC] PHP Stack trace:
[05-Aug-2016 11:35:17 UTC] PHP   1. {main}() /home/ubuntu/workspace/lms/main/calendar/newcalendar.php:0
[05-Aug-2016 11:35:17 UTC] PHP   2. draw_calendar() /home/ubuntu/workspace/lms/main/calendar/newcalendar.php:47
[05-Aug-2016 11:37:09 UTC] PHP Parse error:  syntax error, unexpected '$result' (T_VARIABLE) in /home/ubuntu/workspace/lms/main/calendar/calendarfunctions.php on line 55
[05-Aug-2016 11:37:09 UTC] PHP Stack trace:
[05-Aug-2016 11:37:09 UTC] PHP   1. {main}() /home/ubuntu/workspace/lms/main/calendar/newcalendar.php:0
[05-Aug-2016 12:22:09 UTC] PHP Parse error:  syntax error, unexpected ',' in /home/ubuntu/workspace/lms/main/calendar/calendarfunctions.php on line 60
[05-Aug-2016 12:22:09 UTC] PHP Stack trace:
[05-Aug-2016 12:22:09 UTC] PHP   1. {main}() /home/ubuntu/workspace/lms/main/calendar/newcalendar.php:0
[06-Aug-2016 05:59:46 UTC] PHP Parse error:  syntax error, unexpected '{', expecting ',' or ';' in /home/ubuntu/workspace/lms/main/calendar/newcalendar.php on line 24
[06-Aug-2016 05:59:53 UTC] PHP Parse error:  syntax error, unexpected '{', expecting ',' or ';' in /home/ubuntu/workspace/lms/main/calendar/newcalendar.php on line 24
[06-Aug-2016 06:00:18 UTC] PHP Parse error:  syntax error, unexpected '$userId' (T_VARIABLE), expecting ',' or ';' in /home/ubuntu/workspace/lms/main/calendar/newcalendar.php on line 24
[06-Aug-2016 06:56:58 UTC] PHP Parse error:  syntax error, unexpected '$result2' (T_VARIABLE) in /home/ubuntu/workspace/lms/main/calendar/calendarfunctions.php on line 61
[06-Aug-2016 06:56:58 UTC] PHP Stack trace:
[06-Aug-2016 06:56:58 UTC] PHP   1. {main}() /home/ubuntu/workspace/lms/main/calendar/newcalendar.php:0
[06-Aug-2016 07:24:34 UTC] PHP Fatal error:  Call to a member function assign() on a non-object in /home/ubuntu/workspace/lms/main/calendar/calendarfunctions.php on line 97
[06-Aug-2016 07:24:34 UTC] PHP Stack trace:
[06-Aug-2016 07:24:34 UTC] PHP   1. {main}() /home/ubuntu/workspace/lms/main/calendar/newcalendar.php:0
[06-Aug-2016 07:24:34 UTC] PHP   2. draw_calendar() /home/ubuntu/workspace/lms/main/calendar/newcalendar.php:57
[06-Aug-2016 07:30:50 UTC] PHP Fatal error:  Call to a member function assign() on a non-object in /home/ubuntu/workspace/lms/main/calendar/calendarfunctions.php on line 97
[06-Aug-2016 07:30:50 UTC] PHP Stack trace:
[06-Aug-2016 07:30:50 UTC] PHP   1. {main}() /home/ubuntu/workspace/lms/main/calendar/newcalendar.php:0
[06-Aug-2016 07:30:50 UTC] PHP   2. draw_calendar() /home/ubuntu/workspace/lms/main/calendar/newcalendar.php:57
[06-Aug-2016 07:48:39 UTC] PHP Parse error:  syntax error, unexpected '$row' (T_VARIABLE) in /home/ubuntu/workspace/lms/main/calendar/calendarfunctions.php on line 56
[06-Aug-2016 07:48:39 UTC] PHP Stack trace:
[06-Aug-2016 07:48:39 UTC] PHP   1. {main}() /home/ubuntu/workspace/lms/main/calendar/newcalendar.php:0
[07-Aug-2016 00:56:30 UTC] PHP Parse error:  syntax error, unexpected '$' in /home/ubuntu/workspace/lms/main/calendar/calendarfunctions.php on line 67
[07-Aug-2016 00:56:30 UTC] PHP Stack trace:
[07-Aug-2016 00:56:30 UTC] PHP   1. {main}() /home/ubuntu/workspace/lms/main/calendar/newcalendar.php:0
[07-Aug-2016 00:57:03 UTC] PHP Parse error:  syntax error, unexpected '<' in /home/ubuntu/workspace/lms/main/calendar/calendarfunctions.php on line 5
[07-Aug-2016 00:57:03 UTC] PHP Stack trace:
[07-Aug-2016 00:57:03 UTC] PHP   1. {main}() /home/ubuntu/workspace/lms/main/calendar/newcalendar.php:0
[07-Aug-2016 00:57:04 UTC] PHP Parse error:  syntax error, unexpected '<' in /home/ubuntu/workspace/lms/main/calendar/calendarfunctions.php on line 5
[07-Aug-2016 00:57:04 UTC] PHP Stack trace:
[07-Aug-2016 00:57:04 UTC] PHP   1. {main}() /home/ubuntu/workspace/lms/main/calendar/newcalendar.php:0
[07-Aug-2016 00:57:34 UTC] PHP Parse error:  syntax error, unexpected '<' in /home/ubuntu/workspace/lms/main/calendar/calendarfunctions.php on line 5
[07-Aug-2016 00:57:34 UTC] PHP Stack trace:
[07-Aug-2016 00:57:34 UTC] PHP   1. {main}() /home/ubuntu/workspace/lms/main/calendar/newcalendar.php:0
[07-Aug-2016 00:57:35 UTC] PHP Parse error:  syntax error, unexpected '<' in /home/ubuntu/workspace/lms/main/calendar/calendarfunctions.php on line 5
[07-Aug-2016 00:57:35 UTC] PHP Stack trace:
[07-Aug-2016 00:57:35 UTC] PHP   1. {main}() /home/ubuntu/workspace/lms/main/calendar/newcalendar.php:0
[07-Aug-2016 00:57:49 UTC] PHP Parse error:  syntax error, unexpected '<' in /home/ubuntu/workspace/lms/main/calendar/calendarfunctions.php on line 5
[07-Aug-2016 00:57:49 UTC] PHP Stack trace:
[07-Aug-2016 00:57:49 UTC] PHP   1. {main}() /home/ubuntu/workspace/lms/main/calendar/newcalendar.php:0
[07-Aug-2016 00:58:13 UTC] PHP Parse error:  syntax error, unexpected '<' in /home/ubuntu/workspace/lms/main/calendar/calendarfunctions.php on line 5
[07-Aug-2016 00:58:13 UTC] PHP Stack trace:
[07-Aug-2016 00:58:13 UTC] PHP   1. {main}() /home/ubuntu/workspace/lms/main/calendar/newcalendar.php:0
[07-Aug-2016 01:00:32 UTC] PHP Parse error:  syntax error, unexpected '<' in /home/ubuntu/workspace/lms/main/calendar/calendarfunctions.php on line 5
[07-Aug-2016 01:00:32 UTC] PHP Stack trace:
[07-Aug-2016 01:00:32 UTC] PHP   1. {main}() /home/ubuntu/workspace/lms/main/calendar/newcalendar.php:0
[07-Aug-2016 01:00:35 UTC] PHP Parse error:  syntax error, unexpected '<' in /home/ubuntu/workspace/lms/main/calendar/calendarfunctions.php on line 5
[07-Aug-2016 01:00:35 UTC] PHP Stack trace:
[07-Aug-2016 01:00:35 UTC] PHP   1. {main}() /home/ubuntu/workspace/lms/main/calendar/newcalendar.php:0
[07-Aug-2016 01:05:29 UTC] PHP Parse error:  syntax error, unexpected '$id' (T_VARIABLE) in /home/ubuntu/workspace/lms/main/calendar/calendarfunctions.php on line 67
[07-Aug-2016 01:05:29 UTC] PHP Stack trace:
[07-Aug-2016 01:05:29 UTC] PHP   1. {main}() /home/ubuntu/workspace/lms/main/calendar/newcalendar.php:0
[07-Aug-2016 01:06:27 UTC] PHP Parse error:  syntax error, unexpected '$row2' (T_VARIABLE) in /home/ubuntu/workspace/lms/main/calendar/calendarfunctions.php on line 67
[07-Aug-2016 01:06:27 UTC] PHP Stack trace:
[07-Aug-2016 01:06:27 UTC] PHP   1. {main}() /home/ubuntu/workspace/lms/main/calendar/newcalendar.php:0
[07-Aug-2016 01:06:29 UTC] PHP Parse error:  syntax error, unexpected '$row2' (T_VARIABLE) in /home/ubuntu/workspace/lms/main/calendar/calendarfunctions.php on line 67
[07-Aug-2016 01:06:29 UTC] PHP Stack trace:
[07-Aug-2016 01:06:29 UTC] PHP   1. {main}() /home/ubuntu/workspace/lms/main/calendar/newcalendar.php:0
[07-Aug-2016 01:36:17 UTC] PHP Parse error:  syntax error, unexpected '/' in /home/ubuntu/workspace/lms/main/calendar/calendarfunctions.php on line 68
[07-Aug-2016 01:36:17 UTC] PHP Stack trace:
[07-Aug-2016 01:36:17 UTC] PHP   1. {main}() /home/ubuntu/workspace/lms/main/calendar/newcalendar.php:0
[07-Aug-2016 01:46:21 UTC] PHP Parse error:  syntax error, unexpected '<' in /home/ubuntu/workspace/lms/main/calendar/calendarfunctions.php on line 68
[07-Aug-2016 01:46:21 UTC] PHP Stack trace:
[07-Aug-2016 01:46:21 UTC] PHP   1. {main}() /home/ubuntu/workspace/lms/main/calendar/newcalendar.php:0
[07-Aug-2016 02:25:46 UTC] PHP Parse error:  syntax error, unexpected '.' in /home/ubuntu/workspace/lms/main/calendar/viewevent.php on line 16
[07-Aug-2016 02:27:05 UTC] PHP Parse error:  syntax error, unexpected '.' in /home/ubuntu/workspace/lms/main/calendar/viewevent.php on line 17
[07-Aug-2016 02:29:50 UTC] PHP Parse error:  syntax error, unexpected '$result' (T_VARIABLE) in /home/ubuntu/workspace/lms/main/calendar/viewevent.php on line 16
[07-Aug-2016 02:30:02 UTC] PHP Parse error:  syntax error, unexpected '$result' (T_VARIABLE) in /home/ubuntu/workspace/lms/main/calendar/viewevent.php on line 16
[07-Aug-2016 02:49:56 UTC] PHP Parse error:  syntax error, unexpected '}' in /home/ubuntu/workspace/lms/main/calendar/viewevent.php on line 45
[09-Aug-2016 10:22:50 UTC] PHP Fatal error:  Uncaught exception 'Exception' with message 'Class 'Sjfasdf' does not exist. ' in /home/ubuntu/workspace/lms/main/inc/lib/pear/HTML/QuickForm.php:571
Stack trace:
#0 /home/ubuntu/workspace/lms/main/inc/lib/pear/HTML/QuickForm.php(637): HTML_QuickForm->_loadElement('addElement', 'sjfasdf', Array)
#1 /home/ubuntu/workspace/lms/main/inc/lib/agenda.lib.php(2095): HTML_QuickForm->addElement('sjfasdf', Array)
#2 /home/ubuntu/workspace/lms/main/calendar/agenda.php(128): Agenda->getForm(Array)
#3 {main}
  thrown in /home/ubuntu/workspace/lms/main/inc/lib/pear/HTML/QuickForm.php on line 571
[09-Aug-2016 10:52:57 UTC] PHP Fatal error:  Uncaught exception 'Exception' with message 'Class 'Course' does not exist. ' in /home/ubuntu/workspace/lms/main/inc/lib/pear/HTML/QuickForm.php:571
Stack trace:
#0 /home/ubuntu/workspace/lms/main/inc/lib/pear/HTML/QuickForm.php(637): HTML_QuickForm->_loadElement('addElement', 'course', Array)
#1 /home/ubuntu/workspace/lms/main/inc/lib/agenda.lib.php(2097): HTML_QuickForm->addElement('course', Object(HTML_QuickForm_select))
#2 /home/ubuntu/workspace/lms/main/calendar/agenda.php(128): Agenda->getForm(Array)
#3 {main}
  thrown in /home/ubuntu/workspace/lms/main/inc/lib/pear/HTML/QuickForm.php on line 571
[09-Aug-2016 10:53:06 UTC] PHP Fatal error:  Uncaught exception 'Exception' with message 'Class 'Course' does not exist. ' in /home/ubuntu/workspace/lms/main/inc/lib/pear/HTML/QuickForm.php:571
Stack trace:
#0 /home/ubuntu/workspace/lms/main/inc/lib/pear/HTML/QuickForm.php(637): HTML_QuickForm->_loadElement('addElement', 'course', Array)
#1 /home/ubuntu/workspace/lms/main/inc/lib/agenda.lib.php(2097): HTML_QuickForm->addElement('course', Object(HTML_QuickForm_select))
#2 /home/ubuntu/workspace/lms/main/calendar/agenda.php(128): Agenda->getForm(Array)
#3 {main}
  thrown in /home/ubuntu/workspace/lms/main/inc/lib/pear/HTML/QuickForm.php on line 571
[09-Aug-2016 10:53:11 UTC] PHP Fatal error:  Uncaught exception 'Exception' with message 'Class 'Course' does not exist. ' in /home/ubuntu/workspace/lms/main/inc/lib/pear/HTML/QuickForm.php:571
Stack trace:
#0 /home/ubuntu/workspace/lms/main/inc/lib/pear/HTML/QuickForm.php(637): HTML_QuickForm->_loadElement('addElement', 'course', Array)
#1 /home/ubuntu/workspace/lms/main/inc/lib/agenda.lib.php(2097): HTML_QuickForm->addElement('course', Object(HTML_QuickForm_select))
#2 /home/ubuntu/workspace/lms/main/calendar/agenda.php(128): Agenda->getForm(Array)
#3 {main}
  thrown in /home/ubuntu/workspace/lms/main/inc/lib/pear/HTML/QuickForm.php on line 571
[09-Aug-2016 10:58:01 UTC] PHP Parse error:  syntax error, unexpected '$select' (T_VARIABLE) in /home/ubuntu/workspace/lms/main/calendar/agenda.php on line 156
